SF:lib/src/config/appEnums.dart
DA:1,1
DA:3,1
LF:2
LH:2
end_of_record
SF:lib/src/news_feature/domain/entity/articleEntity.dart
DA:9,1
DA:17,1
DA:19,0
DA:21,0
DA:35,1
DA:46,0
DA:47,0
DA:49,0
DA:56,1
DA:58,1
DA:60,0
DA:61,0
DA:63,0
DA:70,0
DA:74,0
DA:76,0
DA:77,0
DA:79,0
LF:18
LH:5
end_of_record
SF:lib/src/news_feature/domain/entity/articleEntity.g.dart
DA:9,0
DA:10,0
DA:11,0
DA:14,0
DA:15,0
DA:16,0
DA:19,0
DA:20,0
DA:21,0
DA:22,0
DA:23,0
DA:24,0
DA:25,0
DA:26,0
DA:27,0
DA:28,0
DA:31,0
DA:32,0
DA:33,0
DA:34,0
DA:35,0
DA:36,0
DA:37,0
DA:38,0
DA:39,0
DA:40,0
DA:43,0
DA:45,0
DA:46,0
DA:47,0
DA:48,0
DA:49,0
DA:50,0
DA:53,0
DA:55,0
DA:56,0
DA:57,0
DA:58,0
DA:61,0
DA:62,0
DA:63,0
DA:64,0
DA:65,0
DA:68,0
DA:69,0
DA:70,0
DA:71,0
DA:72,0
LF:48
LH:0
end_of_record
SF:lib/src/news_feature/domain/usecase/get_all_article_usecase.dart
DA:8,1
DA:10,1
DA:11,3
LF:3
LH:3
end_of_record
SF:lib/main.dart
DA:4,0
DA:5,0
DA:9,1
DA:12,0
LF:4
LH:1
end_of_record
SF:lib/src/news_feature/presentation/view/news_feed_page.dart
DA:17,1
DA:19,0
DA:20,0
DA:28,0
DA:30,0
DA:31,0
DA:32,0
DA:33,0
DA:38,0
DA:39,0
DA:42,0
DA:44,0
DA:46,0
DA:47,0
DA:52,0
DA:58,0
DA:59,0
DA:60,0
DA:69,0
DA:70,0
DA:71,0
DA:72,0
DA:73,0
DA:74,0
DA:75,0
DA:76,0
DA:81,0
DA:84,0
DA:86,0
DA:87,0
DA:89,0
DA:90,0
DA:91,0
DA:92,0
DA:94,0
DA:95,0
DA:96,0
DA:98,0
DA:99,0
DA:107,0
DA:108,0
DA:109,0
DA:110,0
DA:111,0
LF:44
LH:1
end_of_record
SF:lib/src/core/presentation/widget/search_bar.dart
DA:6,1
DA:8,0
DA:9,0
DA:13,0
DA:15,0
DA:17,0
DA:19,0
DA:23,0
DA:24,0
DA:25,0
DA:31,0
DA:33,0
LF:12
LH:1
end_of_record
SF:lib/src/news_feature/data/datasource/article_datasource.dart
DA:7,0
DA:13,0
DA:14,0
DA:17,0
DA:18,0
LF:5
LH:0
end_of_record
SF:lib/src/service/http_service.dart
DA:12,0
DA:21,0
DA:24,0
DA:25,0
DA:28,0
DA:34,0
DA:38,0
DA:42,0
DA:47,0
DA:52,0
DA:61,0
DA:63,0
DA:64,0
DA:65,0
DA:67,0
DA:68,0
DA:70,0
LF:17
LH:0
end_of_record
SF:lib/src/news_feature/data/repository/article_repository_imp.dart
DA:9,0
DA:11,0
DA:13,0
LF:3
LH:0
end_of_record
SF:lib/src/news_feature/presentation/view/news_details_page.dart
DA:9,0
DA:10,0
DA:12,0
DA:13,0
DA:18,0
DA:20,0
DA:22,0
DA:23,0
DA:28,0
DA:29,0
DA:30,0
DA:33,0
DA:34,0
DA:35,0
DA:36,0
DA:37,0
DA:38,0
DA:39,0
DA:40,0
DA:41,0
DA:42,0
DA:45,0
DA:47,0
DA:48,0
DA:49,0
LF:25
LH:0
end_of_record
SF:lib/src/news_feature/presentation/widget/news_details_body.dart
DA:8,0
DA:9,0
DA:11,0
DA:13,0
DA:14,0
DA:16,0
DA:17,0
DA:18,0
DA:19,0
DA:22,0
DA:29,0
DA:30,0
DA:31,0
DA:33,0
LF:14
LH:0
end_of_record
SF:lib/src/news_feature/presentation/widget/news_details_image_frame.dart
DA:9,0
DA:14,0
DA:16,0
DA:18,0
DA:19,0
DA:20,0
DA:21,0
DA:22,0
DA:23,0
DA:24,0
DA:25,0
DA:26,0
DA:27,0
DA:31,0
DA:33,0
DA:35,0
DA:36,0
DA:38,0
DA:39,0
DA:40,0
DA:41,0
DA:43,0
DA:45,0
DA:51,0
DA:57,0
DA:58,0
DA:59,0
DA:60,0
DA:63,0
DA:65,0
DA:67,0
DA:69,0
DA:73,0
LF:33
LH:0
end_of_record
SF:lib/src/news_feature/presentation/widget/news_feed_header.dart
DA:5,1
DA:7,0
DA:9,0
DA:11,0
DA:12,0
LF:5
LH:1
end_of_record
SF:lib/src/news_feature/presentation/widget/news_feed_list.dart
DA:10,0
DA:14,0
DA:16,0
DA:19,0
DA:20,0
DA:21,0
DA:23,0
DA:24,0
DA:25,0
DA:26,0
DA:28,0
DA:29,0
DA:30,0
DA:38,0
DA:43,0
DA:44,0
DA:45,0
DA:47,0
DA:49,0
DA:50,0
DA:52,0
DA:53,0
DA:54,0
DA:56,0
DA:57,0
DA:58,0
DA:62,0
DA:63,0
DA:66,0
DA:68,0
DA:69,0
DA:70,0
DA:73,0
DA:75,0
DA:76,0
DA:79,0
LF:36
LH:0
end_of_record
SF:lib/src/news_feature/presentation/widget/news_feed_tabs.dart
DA:9,0
DA:13,0
DA:15,0
DA:16,0
DA:22,0
DA:24,0
DA:25,0
DA:28,0
DA:30,0
DA:32,0
DA:33,0
DA:35,0
DA:36,0
DA:39,0
DA:41,0
DA:42,0
DA:45,0
DA:47,0
DA:48,0
DA:55,0
DA:61,0
DA:63,0
DA:67,0
DA:71,0
DA:80,0
DA:81,0
DA:82,0
DA:83,0
DA:84,0
DA:85,0
DA:88,0
DA:89,0
DA:90,0
DA:94,0
DA:96,0
DA:98,0
DA:101,0
DA:103,0
LF:38
LH:0
end_of_record
SF:lib/src/utils/news_feature_util.dart
DA:4,0
DA:5,0
DA:6,0
DA:7,0
DA:14,0
DA:15,0
LF:6
LH:0
end_of_record
