SF:lib/src/core/errors/custom_errors.dart
DA:4,1
DA:8,0
DA:12,2
LF:3
LH:2
end_of_record
SF:lib/src/login_feature/data/model/user_model.dart
DA:11,1
DA:13,0
DA:14,0
DA:16,0
LF:4
LH:1
end_of_record
SF:lib/src/login_feature/data/model/user_model.g.dart
DA:9,0
DA:10,0
DA:11,0
DA:14,0
DA:15,0
DA:16,0
LF:6
LH:0
end_of_record
SF:lib/src/login_feature/data/repository/login_repository.dart
DA:15,0
DA:17,0
DA:19,0
LF:3
LH:0
end_of_record
SF:lib/src/login_feature/usecases/login_usecase.dart
DA:10,1
DA:12,1
DA:14,3
LF:3
LH:3
end_of_record
SF:lib/src/login_feature/data/datasource/login_datasource.dart
DA:15,0
DA:18,0
DA:20,0
LF:3
LH:0
end_of_record
SF:lib/src/services/authentication_serivce.dart
DA:14,0
DA:16,0
DA:19,0
DA:20,0
DA:22,0
DA:24,0
DA:27,0
DA:29,0
DA:30,0
DA:31,0
DA:32,0
DA:33,0
LF:12
LH:0
end_of_record
